{"level":"info","message":"Get / route hit"}
{"level":"info","message":"Get / route hit"}
{"level":"warn","message":"something looks off"}
{"level":"error","message":"something broke!"}
{"level":"info","message":"Get / route hit"}
{"level":"warn","message":"something looks off"}
{"level":"error","message":"something broke!"}
{"level":"info","message":"Get / route hit"}
{"level":"warn","message":"something looks off"}
{"level":"error","message":"something broke!"}
{"level":"info","message":"Get / route hit"}
{"level":"warn","message":"something looks off"}
{"level":"error","message":"something broke!"}
{"level":"info","message":"Get / route hit"}
{"level":"warn","message":"something looks off"}
{"level":"error","message":"something broke!"}
{"level":"info","message":"Get / route hit"}
{"level":"warn","message":"something looks off"}
{"level":"error","message":"something broke!"}
{"level":"info","message":"User registration started"}
{"level":"error","message":"Registration failed: E11000 duplicate key error collection: test.users index: username_1 dup key: { username: \"sarat123\" }"}
{"level":"error","message":"Handled Error"}
{"level":"info","message":"Get / route hit"}
{"level":"warn","message":"something looks off"}
{"level":"error","message":"something broke!"}
